Traceback (most recent call last):
  File "operator.py", line 29, in <module>
    if Structure == 'Slab':
NameError: name 'Structure' is not defined
Segmentation fault (core dumped)
Segmentation fault (core dumped)
Segmentation fault (core dumped)
|-----SIMULATION INITIATED-----|
Number of Cells in the 1st Compartment =  16
Number of Cells in the 2nd Compartment =  106
Number of Cells in the 1st Compartment =  31
Number of Cells in the 2nd Compartment =  106
Number of Cells in the 1st Compartment =  63
Number of Cells in the 2nd Compartment =  106
|-----Single Run Job Statistics-----|
|------ 3.0989787578582764 secs ------|
|------ 0.05164964596430461 mins ------|
|------ 0.0008608274327384101 hrs ------|
|--------------------------------|
|-----Estimated Job Duration-----|
|------ 4.098978757858276 secs ------|
|------ 0.06831631263097128 mins ------|
|------ 0.001138605210516188 hrs ------|
|-----SIMULATION COMPLETED-----|
|------ 3.099100112915039 secs ------|
|------ 0.05165178775787353 mins ------|
|------ 0.0008608640564812555 hrs ------|
Simulation is initiated
REMARK  Using OpenMM platform CUDA
|------ calibration initiated -----|
|----- simulation initiated -----|
stateFactor 0.9411764705882353
stateVar 1.0
local 1e-14
force -4.37499999999999e-20
5000 th step done
stateFactor 0.9408102164201284
stateVar 0.9967073137218628
local 0.17617896614639805
force -1.162080465728387
10000 th step done
stateFactor 0.9392527954571669
stateVar 0.9830330248029678
local 0.3657417869782562
force 5.09224467681634
15000 th step done
stateFactor 0.9367489997059443
stateVar 0.9620949357211283
local 0.4987705616895158
force 10.153690974529427
20000 th step done
stateFactor 0.9334096287548093
stateVar 0.9359883191774805
local 0.602699662976584
force 15.015995280131303
25000 th step done
stateFactor 0.9293290807788468
stateVar 0.906576385255237
local 0.6969443071920592
force 19.041620266799757
30000 th step done
stateFactor 0.9243858057150911
stateVar 0.8741077651227711
local 0.764794591699508
force -22.88470770118505
35000 th step done
stateFactor 0.9186113893817929
stateVar 0.8398932755283027
local 0.8588900123965504
force 24.55879418790294
40000 th step done
stateFactor 0.9116557078666357
stateVar 0.8030936440185216
local 0.9586407890982301
force 26.347725774234497
45000 th step done
stateFactor 0.9036547541191943
stateVar 0.7656426766030094
local 1.000717610715822
force 27.56515206346825
50000 th step done
stateFactor 0.8947901766412765
stateVar 0.7290754368538062
local 1.0319004634839257
force 28.31692614188034
55000 th step done
stateFactor 0.8849656983568885
stateVar 0.6934091167150206
local 1.0481301155715135
force 28.801205404137217
60000 th step done
stateFactor 0.874386099697863
stateVar 0.6595880531109001
local 1.0463352066205664
force 29.06860346609849
65000 th step done
stateFactor 0.8630095349087916
stateVar 0.627483970016044
local 1.0578477026038438
force -29.85396783775539
70000 th step done
stateFactor 0.8507697787681764
stateVar 0.5969220811362739
local 1.055134388267233
force 29.340758653835998
75000 th step done
stateFactor 0.8377214677519387
stateVar 0.5680143343417824
local 1.06689664405876
force -29.946025868254168
80000 th step done
stateFactor 0.8236299973930888
stateVar 0.5402486941799561
local 1.080410291937286
force 29.495155888740758
85000 th step done
stateFactor 0.8089947258556602
stateVar 0.5145056805973334
local 1.0623373001848717
force 29.497490808879824
90000 th step done
stateFactor 0.7937556557577959
stateVar 0.49044735998015415
local 1.0512569459151306
force 29.483027058395805
95000 th step done
stateFactor 0.7779576041607655
stateVar 0.46795061394067317
local 1.0439437193296004
force -29.81433323026315
100000 th step done
stateFactor 0.7615270031893828
stateVar 0.44674845355025833
local 1.048806325511406
force 29.44868064321303
105000 th step done
stateFactor 0.744497822681027
stateVar 0.4267508766633498
local 1.0484683614010675
force -29.719099801826975
110000 th step done
stateFactor 0.7267418662305649
stateVar 0.40770266434681923
local 1.0565927564342554
force 29.44979389202302
115000 th step done
stateFactor 0.7084974021938509
stateVar 0.38975161644025796
local 1.056630871697665
force 29.45454859104297
120000 th step done
stateFactor 0.6898198263301684
stateVar 0.37282139528958297
local 1.0522359056261592
force -29.641474175447332
125000 th step done
stateFactor 0.6706734698984294
stateVar 0.3567649763608296
local 1.0653321909652735
force -29.61905044640907
130000 th step done
stateFactor 0.6507904751633691
stateVar 0.34128528410926107
local 1.076440875290388
force -29.631229838119165
135000 th step done
stateFactor 0.6305786777861907
stateVar 0.32662443407281755
local 1.0782141158711394
force 29.551900002877343
140000 th step done
stateFactor 0.6102785999596574
stateVar 0.3128433676512643
local 1.0771126299668257
force 29.563970008927374
145000 th step done
stateFactor 0.5897708204323281
stateVar 0.2997563384779857
local 1.0841586695849403
force 29.58451595483466
150000 th step done
stateFactor 0.5692053566962934
stateVar 0.287368625481818
local 1.08457588896938
force -29.596307673329658
155000 th step done
stateFactor 0.5488167257298934
stateVar 0.2757256581757256
local 1.086982030282903
force 29.607770167227354
160000 th step done
stateFactor 0.528385899140226
stateVar 0.2646197333389521
local 1.0965804758700726
force -29.57709737013896
165000 th step done
stateFactor 0.5081695643890279
stateVar 0.2541187051293377
local 1.0944301371887766
force 29.649318379067925
170000 th step done
stateFactor 0.488340497327801
stateVar 0.24423666271272346
local 1.0948022706159846
force 29.65785257925567
175000 th step done
stateFactor 0.4688871528651928
stateVar 0.23489878590530866
local 1.0994695344359577
force -29.552137905889758
180000 th step done
stateFactor 0.4497580772502777
stateVar 0.22602301115916287
local 1.1047451562282558
force 29.6875295071593
185000 th step done
stateFactor 0.4311588145094814
stateVar 0.21765223283369198
local 1.109444432544285
force 29.700001705058106
190000 th step done
stateFactor 0.4130819157329387
stateVar 0.2097342484936824
local 1.1094613007568292
force -29.551900036538946
195000 th step done
stateFactor 0.39567749306956473
stateVar 0.20229087729229392
local 1.109717534659954
force 29.71778177778237
200000 th step done
stateFactor 0.37883460024989285
stateVar 0.19523658351446013
local 1.1162036870866343
force -29.548199738032547
205000 th step done
stateFactor 0.3625497650706241
stateVar 0.18853877453966397
local 1.120110716660635
force 29.748591463564598
210000 th step done
stateFactor 0.34696174222598236
stateVar 0.18222648211813472
local 1.1221459202942563
force 29.76024583165969
215000 th step done
stateFactor 0.3321013820862574
stateVar 0.17628691501650312
local 1.1223040719101929
force -29.561387183435617
220000 th step done
stateFactor 0.3179469370077923
stateVar 0.17069006729306252
local 1.1229134910651155
force 29.77134390993232
225000 th step done
stateFactor 0.30455378145961237
stateVar 0.16543988967038356
local 1.1166206953044269
force 29.769817525065786
230000 th step done
stateFactor 0.2919416499604219
stateVar 0.16052900483997878
local 1.116497777510854
force -29.54254441506165
235000 th step done
stateFactor 0.2799980115718203
stateVar 0.15590162226484666
local 1.1162649884617029
force -29.53682284693692
240000 th step done
stateFactor 0.26873886139609016
stateVar 0.1515545564664449
local 1.118100058024389
force -29.53089569599233
245000 th step done
stateFactor 0.25805834675051686
stateVar 0.14743958074830676
local 1.1202643652045938
force -29.533280934367752
250000 th step done
stateFactor 0.24800616578851806
stateVar 0.14357013471339666
local 1.1192436106165033
force 29.765302941297758
255000 th step done
stateFactor 0.23853818386292733
stateVar 0.13992486536549759
local 1.121862451886123
force 29.76752682430542
260000 th step done
stateFactor 0.22960259845381936
stateVar 0.13648062523758167
local 1.1213761235379789
force 29.772575054987875
265000 th step done
stateFactor 0.22122787550227999
stateVar 0.13324616983860854
local 1.123148708300125
force -29.537838703827767
270000 th step done
stateFactor 0.2133128285664692
stateVar 0.1301809576085158
local 1.128007880086007
force -29.544704384070663
275000 th step done
stateFactor 0.20585567362718626
stateVar 0.12728338324099828
local 1.1255882271826645
force -29.551547820084874
280000 th step done
stateFactor 0.1988559395282015
stateVar 0.12455294011419338
local 1.1299081573574148
force 29.795355504214637
285000 th step done
stateFactor 0.19229537406414113
stateVar 0.12198267192419991
local 1.1295054851619728
force -29.561006123319316
290000 th step done
stateFactor 0.1861412648279754
stateVar 0.11956025273432735
local 1.1288200673741307
force -29.56445222533395
295000 th step done
stateFactor 0.1803933039585485
stateVar 0.11728634868014721
local 1.1259498418869511
force -29.564792575761324
300000 th step done
stateFactor 0.17503848499736527
stateVar 0.11515689253501503
local 1.1279517796280738
force 29.80011532784678
305000 th step done
stateFactor 0.1699998665695181
stateVar 0.11314235596754305
local 1.1308365794720328
force -29.565927180699035
310000 th step done
stateFactor 0.16526794661399713
stateVar 0.11123994846424085
local 1.1321001985775676
force 29.807101619371785
315000 th step done
stateFactor 0.16081641104461158
stateVar 0.10944015523745305
local 1.1335136755294628
force 29.812866919762886
320000 th step done
stateFactor 0.15663292909014287
stateVar 0.10773907023730696
local 1.1349252032301638
force 29.81892160188049
325000 th step done
stateFactor 0.1527137788423696
stateVar 0.10613632564483014
local 1.1353360075719392
force -29.589588034925324
330000 th step done
stateFactor 0.14905269370206953
stateVar 0.10463056952669406
local 1.1343317719768864
force 29.82486152819308
335000 th step done
stateFactor 0.14562684913317908
stateVar 0.10321360310094922
local 1.1364397026984343
force 29.82655251818935
340000 th step done
stateFactor 0.1424010746549613
stateVar 0.10187192856935919
local 1.136820137346667
force 29.830820409686602
345000 th step done
stateFactor 0.1393793691000899
stateVar 0.100608200094771
local 1.138473882871982
force 29.834066624949646
350000 th step done
stateFactor 0.13653518771443593
stateVar 0.09941226813865407
local 1.1396860903061121
force -29.610731474205718
355000 th step done
stateFactor 0.13385930460729614
stateVar 0.09828111361573531
local 1.1417624670274003
force -29.617281122645615
360000 th step done
stateFactor 0.13133314431649443
stateVar 0.09720767461208854
local 1.1431587872110198
force -29.62534781766679
365000 th step done
stateFactor 0.1289677423326417
stateVar 0.09619742296445423
local 1.1441423810806441
force 29.854506782774845
370000 th step done
stateFactor 0.1267459765209232
stateVar 0.09524381919471109
local 1.145770800146394
force -29.636005183702885
375000 th step done
stateFactor 0.12466946681138794
stateVar 0.09434828729889819
local 1.1432975580219746
force 29.859427420419095
380000 th step done
stateFactor 0.12272829782334882
stateVar 0.09350725407395669
local 1.1434711017632455
force 29.860047346519146
385000 th step done
stateFactor 0.1209041339732096
stateVar 0.09271339086118094
local 1.1442558965800338
force -29.64446425595536
390000 th step done
stateFactor 0.11920615313551561
stateVar 0.09197127544527461
local 1.1443076834755073
force -29.645316385178536
395000 th step done
stateFactor 0.11760662036019703
stateVar 0.09126931122854312
local 1.1445007665175069
force 29.862631946601137
400000 th step done
stateFactor 0.11612440618411067
stateVar 0.09061627192542385
local 1.143078355314156
force 29.860418101288275
405000 th step done
stateFactor 0.11474062819220124
stateVar 0.090004319724895
local 1.1431382575989626
force 29.858662541991606
410000 th step done
stateFactor 0.11343459058404837
stateVar 0.08942467517058894
local 1.1440319492949798
force -29.650378973112872
415000 th step done
stateFactor 0.11220791189080155
stateVar 0.08887837666868129
local 1.1448170880536568
force -29.653396295381437
420000 th step done
stateFactor 0.11105078479571626
stateVar 0.08836135138184484
local 1.1453355971759425
force 29.862850301705564
425000 th step done
stateFactor 0.10996640421360997
stateVar 0.08787530001797515
local 1.1459997262934734
force -29.6607104327821
430000 th step done
stateFactor 0.10893028172342595
stateVar 0.08740946851719812
local 1.148784995260652
force -29.667399527640217
435000 th step done
stateFactor 0.10793971907462954
stateVar 0.08696280689102961
local 1.149604061077929
force -29.675710428467465
440000 th step done
stateFactor 0.1070079709474704
stateVar 0.08654147283033842
local 1.149756665847141
force -29.681557708423803
445000 th step done
stateFactor 0.10614745919838951
stateVar 0.08615130704715636
local 1.1472590309813773
force 29.877614552624486
450000 th step done
stateFactor 0.10534348220646086
stateVar 0.0857858539244937
local 1.1494276629589397
force 29.87714816722891
455000 th step done
stateFactor 0.10458908287456121
stateVar 0.0854421156518121
local 1.1470238883641573
force -29.685655715864428
460000 th step done
stateFactor 0.10388727341067129
stateVar 0.08512161603235904
local 1.1484271230836596
force -29.686674549916418
465000 th step done
stateFactor 0.1032246989132127
stateVar 0.08481838556763459
local 1.1483196472016801
force 29.875201139168805
470000 th step done
stateFactor 0.10260273954881424
stateVar 0.08453316260978545
local 1.1480112548891455
force 29.8752021339003
475000 th step done
stateFactor 0.10202006051082345
stateVar 0.0842654374433517
local 1.1486485946871103
force 29.875254746672127
480000 th step done
stateFactor 0.10147290697764565
stateVar 0.08401357613439596
local 1.1485172930328824
force 29.87520806930147
485000 th step done
stateFactor 0.10095372246801079
stateVar 0.08377417386140426
local 1.150182421381376
force -29.701481568553493
490000 th step done
stateFactor 0.10045653028870195
stateVar 0.08354452959161256
local 1.1505783482316965
force -29.707212547512114
495000 th step done
stateFactor 0.09998293499987941
stateVar 0.08332543264558806
local 1.151104379835182
force -29.713443664075967
500000 th step done
stateFactor 0.09953571674744205
stateVar 0.08311822056912237
local 1.1516288109210977
force -29.718991478906144
505000 th step done
stateFactor 0.09911696107548643
stateVar 0.08292391398801163
local 1.151643377415811
force -29.723212658718047
510000 th step done
stateFactor 0.09872545341442389
stateVar 0.08274200188281772
local 1.1510891241186014
force 29.884135404455797
515000 th step done
stateFactor 0.09835143473641203
stateVar 0.08256798964083
local 1.1524429506003468
force 29.885829964593782
520000 th step done
stateFactor 0.09799520152824438
stateVar 0.08240204500822257
local 1.1530865101693122
force 29.88776372598626
525000 th step done
stateFactor 0.09766170838757748
stateVar 0.08224650906525044
local 1.1515635897112215
force -29.738255167838563
530000 th step done
stateFactor 0.09735573456601644
stateVar 0.08210364988793116
local 1.151592898965857
force -29.739749187671684
535000 th step done
stateFactor 0.09706000306354431
stateVar 0.08196542846800603
local 1.15367297976327
force 29.88832948645724
540000 th step done
stateFactor 0.0967770870409304
stateVar 0.08183306326639629
local 1.1534386587565524
force 29.889722666362402
545000 th step done
stateFactor 0.09650862240170144
stateVar 0.08170733784757857
local 1.153393241830706
force -29.75233504535851
550000 th step done
stateFactor 0.09625845101885923
stateVar 0.08159007239397553
local 1.153805989554763
force -29.75417134790618
555000 th step done
stateFactor 0.09601450373183193
stateVar 0.08147562453112844
local 1.1548711862773373
force 29.894502741018847
560000 th step done
stateFactor 0.09577627198469044
stateVar 0.08136376246609567
local 1.1564198825527934
force -29.763579297909246
565000 th step done
stateFactor 0.09554103766712158
stateVar 0.0812532146805127
local 1.1574309280543218
force -29.76948368158546
570000 th step done
stateFactor 0.09531620770940945
stateVar 0.08114746947996027
local 1.1577689636694979
force -29.774510178577312
575000 th step done
stateFactor 0.09510013123159178
stateVar 0.08104576093286689
local 1.158384734011405
force 29.90596173310194
580000 th step done
stateFactor 0.09489630733738612
stateVar 0.08094974721702165
local 1.1582862411432238
force 29.9064934387443
585000 th step done
stateFactor 0.09470485978413862
stateVar 0.08085949913585667
local 1.1586430133831862
force 29.906172499176062
590000 th step done
stateFactor 0.09452572200440555
stateVar 0.08077499716394636
local 1.1587696187615442
force -29.79871046242704
595000 th step done
stateFactor 0.09435824016961096
stateVar 0.08069594372015307
local 1.1581985241036719
force -29.804184961092634
600000 th step done
stateFactor 0.09419339008287152
stateVar 0.08061808538135937
local 1.1605716425588892
force -29.811354081084268
605000 th step done
stateFactor 0.09402494404214373
stateVar 0.08053848024416711
local 1.1614876161380454
force 29.91062039266945
610000 th step done
stateFactor 0.09386203042666467
stateVar 0.08046144292503339
local 1.1613788798849733
force -29.82777679043022
615000 th step done
stateFactor 0.0937088065678823
stateVar 0.08038894556205657
local 1.161153131884056
force 29.915387444631136
620000 th step done
stateFactor 0.09356465978461379
stateVar 0.08032070565531771
local 1.1617661055412887
force 29.916574328833395
625000 th step done
stateFactor 0.09343218209255348
stateVar 0.08025795795639566
local 1.1614809508148263
force 29.91636128463391
630000 th step done
stateFactor 0.09330493690733106
stateVar 0.08019765967975664
local 1.1615568669301015
force -29.843800577676003
635000 th step done
stateFactor 0.09318771706758439
stateVar 0.08014208700472045
local 1.1610646780008056
force 29.9163152818434
640000 th step done
stateFactor 0.09307537969840397
stateVar 0.08008880636553578
local 1.1620103522129461
force -29.849832456266725
645000 th step done
stateFactor 0.09296597742205412
stateVar 0.0800368964218758
local 1.1621520785729211
force 29.917427175699792
650000 th step done
stateFactor 0.09286320659262917
stateVar 0.0799881137418888
local 1.1624631642493155
force -29.85709447559597
655000 th step done
stateFactor 0.09276199433285033
stateVar 0.07994005259131255
local 1.1626292127937843
force -29.861611243611993
660000 th step done
stateFactor 0.09266165368073627
stateVar 0.07989238738179766
local 1.1628243572370611
force 29.920486719979486
665000 th step done
stateFactor 0.09257552742434992
stateVar 0.07985146021384286
local 1.1619605212402633
force -29.86896285947548
670000 th step done
stateFactor 0.0924916592694777
stateVar 0.07981159339691181
local 1.1630518166577126
force 29.920639237645307
675000 th step done
stateFactor 0.09241090280332999
stateVar 0.07977319386421589
local 1.1623636074630774
force -29.87126316948586
680000 th step done
stateFactor 0.09233419915615404
stateVar 0.07973671064652954
local 1.1634367026623862
force -29.87189346134544
685000 th step done
stateFactor 0.09225193752587171
stateVar 0.07969757213417791
local 1.1646690702751243
force 29.92502225319516
690000 th step done
stateFactor 0.09216730776755713
stateVar 0.07965729425093522
local 1.1649019763585122
force 29.928163925115353
695000 th step done
stateFactor 0.09209173276389551
stateVar 0.07962131493097611
local 1.164673344929591
force -29.8795247899954
700000 th step done
stateFactor 0.09202157986196463
stateVar 0.07958790774163206
local 1.1645848012425517
force -29.878297429016158
705000 th step done
stateFactor 0.09195656465126752
stateVar 0.07955693923517163
local 1.1640053217853272
force 29.930115923654657
710000 th step done
stateFactor 0.09189761335624899
stateVar 0.07952885254695184
local 1.1646620640179643
force -29.875978651331955
715000 th step done
stateFactor 0.09183748333398073
stateVar 0.07950019780337313
local 1.1646938333793868
force 29.929756081887998
720000 th step done
stateFactor 0.09178122323748701
stateVar 0.07947338134078644
local 1.164425817900366
force -29.87932691189386
725000 th step done
stateFactor 0.0917276107149698
stateVar 0.07944782151867841
local 1.1649665106164695
force -29.88232631243258
730000 th step done
stateFactor 0.09168117116103232
stateVar 0.0794256772078854
local 1.1641263980382137
force 29.92819019768118
735000 th step done
stateFactor 0.0916401923129291
stateVar 0.07940613354106967
local 1.1642716840839133
force 29.92809476335072
740000 th step done
stateFactor 0.09160463945878486
stateVar 0.07938917517509679
local 1.1640428311475508
force 29.926296435113095
745000 th step done
stateFactor 0.0915706506267945
stateVar 0.07937296068631518
local 1.1640923771802913
force -29.884000101590505
750000 th step done
stateFactor 0.09154369876594078
stateVar 0.07936010171641981
local 1.1630733298705096
force 29.92400885806075
755000 th step done
stateFactor 0.09152360533208251
stateVar 0.07935051410302964
local 1.1622608293336163
force -29.88215124092856
760000 th step done
stateFactor 0.09150256135537688
stateVar 0.0793404721493005
local 1.1637434482026747
force -29.88220391391686
765000 th step done
stateFactor 0.09147118067224484
stateVar 0.07932549613627154
local 1.1640939291924035
force -29.886202227587937
770000 th step done
stateFactor 0.09145194575440996
stateVar 0.07931631564163902
local 1.1624250950587096
force -29.886650915668213
775000 th step done
stateFactor 0.09143584654148058
stateVar 0.07930863124680593
local 1.1636203876300943
force -29.887819671709572
780000 th step done
stateFactor 0.09141244965234797
stateVar 0.07929746272015599
local 1.163507950891986
force 29.922966865932167
785000 th step done
stateFactor 0.091392257093603
stateVar 0.07928782298131337
local 1.1634664541984916
force -29.892762675736222
790000 th step done
stateFactor 0.09137430669844945
stateVar 0.07927925300609046
local 1.1636021574811366
force 29.92254226126186
795000 th step done
stateFactor 0.09135741666058335
stateVar 0.07927118873562769
local 1.1638392228725298
force -29.89659110319307
800000 th step done
stateFactor 0.09133677838693487
stateVar 0.07926133413617795
local 1.1640333286556754
force -29.89891234801354
805000 th step done
stateFactor 0.09131802175756178
stateVar 0.07925237733127584
local 1.1642989413375322
force 29.9244248682228
810000 th step done
stateFactor 0.09130226213484399
stateVar 0.07924485118249526
local 1.1634074521540594
force -29.899956505550023
815000 th step done
stateFactor 0.0912923172576967
stateVar 0.07924010168396019
local 1.1629424236979922
force -29.899079368019187
820000 th step done
stateFactor 0.09128585702635159
stateVar 0.0792370162941836
local 1.1622722964127379
force 29.92200466049278
825000 th step done
stateFactor 0.09128481939828895
stateVar 0.07923652071859631
local 1.1621909351574542
force 29.920497541057824
830000 th step done
stateFactor 0.09128605462795902
stateVar 0.07923711066933087
local 1.161739310721163
force -29.89426677117697
835000 th step done
stateFactor 0.09128369584836703
stateVar 0.0792359841041437
local 1.1625607846154387
force 29.920227151507277
840000 th step done
stateFactor 0.09127869940047754
stateVar 0.07923359774151419
local 1.1626628931011747
force -29.89277550514332
845000 th step done
stateFactor 0.09127811772615277
stateVar 0.07923331992400905
local 1.1618091852489711
force 29.921027974898582
850000 th step done
stateFactor 0.09127486913899806
stateVar 0.07923176833241373
local 1.1623615240717733
force -29.888320143903442
855000 th step done
stateFactor 0.09127068774576917
stateVar 0.07922977118518358
local 1.1622826680181664
force -29.88704197061541
860000 th step done
stateFactor 0.0912710673722027
stateVar 0.07922995250642147
local 1.1620416023757452
force -29.885119084842515
865000 th step done
stateFactor 0.09127049935515351
stateVar 0.07922968120394477
local 1.1625797526538262
force -29.88473773677239
870000 th step done
stateFactor 0.09126949727853637
stateVar 0.07922920257978137
local 1.1623468322408954
force 29.91969694337883
875000 th step done
stateFactor 0.09126960696037371
stateVar 0.07922925496745953
local 1.1622192789009291
force 29.91941280635834
880000 th step done
stateFactor 0.09127115611777879
stateVar 0.07922999489399479
local 1.1619402177668972
force -29.886126958544107
885000 th step done
stateFactor 0.09127078983109793
stateVar 0.07922981994429616
local 1.162355548084969
force 29.918266499710363
890000 th step done
stateFactor 0.09127098171520868
stateVar 0.07922991159403477
local 1.161935924605902
force -29.890103422786687
895000 th step done
stateFactor 0.09127188240580535
stateVar 0.07923034179059879
local 1.1623322991091685
force -29.892274130217533
900000 th step done
stateFactor 0.09127213604687852
stateVar 0.07923046293683651
local 1.1621326961601184
force -29.894050723476575
905000 th step done
stateFactor 0.09127122477571672
stateVar 0.07923002768709424
local 1.162670473105271
force 29.91796369750299
910000 th step done
stateFactor 0.09126348350813682
stateVar 0.07922633017020114
local 1.163182884609197
force 29.91950167529994
915000 th step done
stateFactor 0.0912553696552824
stateVar 0.07922245457513383
local 1.162969127333141
force 29.919884729576943
920000 th step done
stateFactor 0.0912526951452043
stateVar 0.07922117706464547
local 1.1627981730889574
force -29.904077817052517
925000 th step done
stateFactor 0.09124459739076249
stateVar 0.07921730899936659
local 1.1634147239135069
force -29.907330057202596
930000 th step done
stateFactor 0.09123987429416311
stateVar 0.079215052856069
local 1.1626529855796859
force -29.90947729322148
935000 th step done
stateFactor 0.0912374279789712
stateVar 0.0792138842766693
local 1.1626303250318473
force 29.9184277055039
940000 th step done
stateFactor 0.09123665708467578
stateVar 0.07921351602618978
local 1.162039311229049
force -29.914055455906084
945000 th step done
stateFactor 0.091239607589183
stateVar 0.07921492545439734
local 1.1617863340494095
force -29.916647418626948
950000 th step done
stateFactor 0.09124223482464679
stateVar 0.07921618044662496
local 1.161676117482263
force 29.914217712487382
955000 th step done
stateFactor 0.09124575454259048
stateVar 0.0792178617449846
local 1.161973550277843
force 29.91318317665209
960000 th step done
stateFactor 0.09125452735030162
stateVar 0.0792220522398867
local 1.1606009728312183
force -29.92747273850048
965000 th step done
stateFactor 0.09126681036114781
stateVar 0.07922791921217781
local 1.1610528472885475
force -29.931052221295
970000 th step done
stateFactor 0.09127484022933495
stateVar 0.07923175452448139
local 1.16109820319828
force -29.936395274762845
975000 th step done
stateFactor 0.09128363812734225
stateVar 0.07923595653615984
local 1.1614723392311528
force -29.941367022913678
980000 th step done
stateFactor 0.09128973178812773
stateVar 0.07923886687953705
local 1.1614541108081191
force 29.907710003486777
985000 th step done
stateFactor 0.09129349075932928
stateVar 0.07924066213711858
local 1.161817599093697
force 29.908186321517505
990000 th step done
stateFactor 0.09129749268489917
stateVar 0.0792425733995802
local 1.1614870390074907
force 29.90803573598605
995000 th step done
stateFactor 0.09130137517221884
stateVar 0.07924442759207433
local 1.1611380869328034
force -29.960434850625976
stateFactor 0.09130918429001848
stateVar 0.07924815697548403
local 1.1610084399045926
force 29.90748162465161
Simulation is initiated
REMARK  Using OpenMM platform CUDA
|------ calibration initiated -----|
|----- simulation initiated -----|
stateFactor 0.9411764705882353
stateVar 1.0
local 1e-14
force 4.37499999999999e-20
5000 th step done
stateFactor 0.9387296392683285
stateVar 0.9785545829402432
local 0.6750276484931216
force -6.5535312865681306
10000 th step done
stateFactor 0.9341773488734821
stateVar 0.941818007478682
local 0.8564868647829927
force -14.686550426027798
15000 th step done
stateFactor 0.9284856966950101
stateVar 0.9008057745818324
local 0.9451132703570165
force -20.545153704071236
20000 th step done
stateFactor 0.9216552685720236
stateVar 0.8574708513026337
local 1.0381011712673358
force 24.5395941669175
25000 th step done
stateFactor 0.9139538198003418
stateVar 0.8147724523289355
local 1.0471998579410369
force 26.820289408758367
30000 th step done
stateFactor 0.9055626261314725
stateVar 0.7741538946194101
local 1.0577702213744216
force 28.060349870717143
35000 th step done
stateFactor 0.8965911046393596
stateVar 0.7361363646232421
local 1.0144252734017525
force -28.358984190891977
40000 th step done
stateFactor 0.8872694244086192
stateVar 0.7013695456807945
local 1.0149492548396062
force 28.951924458767284
45000 th step done
stateFactor 0.8775114715814032
stateVar 0.6691426338647865
local 0.9699916572222397
force 29.03938900862366
50000 th step done
stateFactor 0.867363627540415
stateVar 0.6393067560666291
local 0.9560061032692247
force -28.708866347726975
55000 th step done
stateFactor 0.8566029415756888
stateVar 0.6110259685696156
local 0.9609021038723037
force 29.039544591791888
60000 th step done
stateFactor 0.8451622901226795
stateVar 0.5840791382239096
local 0.9766958524079241
force -28.76328421214324
65000 th step done
stateFactor 0.8328461122312657
stateVar 0.5580384824263753
local 0.9937632257431525
force -28.832047296328327
70000 th step done
stateFactor 0.8196898080398006
stateVar 0.5330336644918935
local 1.0068886213396457
force -28.9076687836213
75000 th step done
stateFactor 0.8059265024076965
stateVar 0.5094535713252474
local 0.9699052474560458
force -28.943447864515385
80000 th step done
stateFactor 0.7917488930361762
stateVar 0.4874612320213716
local 0.9990643366234403
force -28.945220352141156
85000 th step done
stateFactor 0.7765679611135282
stateVar 0.4660762991484067
local 1.0155735942906692
force 29.212658033681638
90000 th step done
stateFactor 0.7605288487399995
stateVar 0.4455241537107771
local 1.0238716859382546
force 29.268380744697474
95000 th step done
stateFactor 0.7436864517434966
stateVar 0.4258426562422216
local 1.0376725181009172
force 29.323833110958525
100000 th step done
stateFactor 0.7261193327647018
stateVar 0.4070645850091561
local 1.0588747970766146
force -29.201129361324497
105000 th step done
stateFactor 0.7078157052692015
stateVar 0.38910935461005597
local 1.0541478202233643
force -29.265651073832828
110000 th step done
stateFactor 0.6889126708975627
stateVar 0.3720325456232706
local 1.0625156524172685
force -29.325672376068837
115000 th step done
stateFactor 0.6694985150169569
stateVar 0.35581816048112247
local 1.06140983166358
force -29.37986952689477
120000 th step done
stateFactor 0.6499347988207963
stateVar 0.3406437565251898
local 1.0668840127016326
force 29.490405789916856
125000 th step done
stateFactor 0.6299039847284007
stateVar 0.3261519518684806
local 1.0758465119187284
force 29.51338474207311
130000 th step done
stateFactor 0.6095094148842666
stateVar 0.31233807851127937
local 1.080686453417572
force -29.50342164969718
135000 th step done
stateFactor 0.5892097642815481
stateVar 0.2994090479261933
local 1.0687295764549443
force 29.54681480179045
140000 th step done
stateFactor 0.5690340298577249
stateVar 0.2872682567011664
local 1.0692682745832114
force 29.542018990084486
145000 th step done
stateFactor 0.5488760559180816
stateVar 0.275758693127676
local 1.0750346538721653
force -29.557907238683555
150000 th step done
stateFactor 0.5287976630590027
stateVar 0.2648384603482593
local 1.084695866437541
force 29.563763776286038
155000 th step done
stateFactor 0.5087039283027591
stateVar 0.2543905114918039
local 1.0939631921445698
force -29.626891166406892
160000 th step done
stateFactor 0.48891076176784964
stateVar 0.2445155250181259
local 1.0878608545631876
force -29.65396908550939
165000 th step done
stateFactor 0.46952998841066046
stateVar 0.23520213391872086
local 1.1011484989567992
force -29.673660782232542
170000 th step done
stateFactor 0.45044673419221615
stateVar 0.22633766615553072
local 1.1004959647462351
force 29.659878016307687
175000 th step done
stateFactor 0.4320250817363843
stateVar 0.21803685563582967
local 1.0933337538568977
force -29.704289027129416
180000 th step done
stateFactor 0.41410965031626407
stateVar 0.2101790922298441
local 1.1057435592840124
force 29.673626769023546
185000 th step done
stateFactor 0.39675653142986494
stateVar 0.20274760695170124
local 1.102775693769749
force 29.683846223484316
190000 th step done
stateFactor 0.3800716184110237
stateVar 0.19575008932533414
local 1.1073515834064471
force -29.73875818979076
195000 th step done
stateFactor 0.36387627567735203
stateVar 0.18908021292565727
local 1.1167642933004516
force 29.710882651887147
200000 th step done
stateFactor 0.3483388369691921
stateVar 0.18278057441586332
local 1.1177910227437307
force -29.778419693509363
205000 th step done
stateFactor 0.3334888001773305
stateVar 0.17683853546236167
local 1.1171080600320478
force 29.73703158347655
210000 th step done
stateFactor 0.31932058427493387
stateVar 0.17123090718858733
local 1.1203484443496403
force 29.747717671557865
215000 th step done
stateFactor 0.3058888884493332
stateVar 0.16596150363544226
local 1.1172666146690284
force -29.801982478419376
220000 th step done
stateFactor 0.2932264297411988
stateVar 0.16102800579704202
local 1.1183652784369083
force -29.796144611215944
225000 th step done
stateFactor 0.28113976527786244
stateVar 0.15634317144765458
local 1.118151373428954
force -29.803151119969765
230000 th step done
stateFactor 0.26974960811152376
stateVar 0.15194433772177535
local 1.1210112792499896
force -29.803742419415272
235000 th step done
stateFactor 0.25896710395302636
stateVar 0.14778949490665386
local 1.1227723346977014
force -29.807452644675084
240000 th step done
stateFactor 0.24877453043549522
stateVar 0.14386588258072677
local 1.1288554499821946
force 29.77335238173008
245000 th step done
stateFactor 0.2390941383463358
stateVar 0.14013899812738506
local 1.1289537104453562
force -29.82408159897977
250000 th step done
stateFactor 0.22999247219654245
stateVar 0.1366310273701222
local 1.1305431981044565
force -29.829129536584226
255000 th step done
stateFactor 0.22142172378091735
stateVar 0.1333211286024234
local 1.1334023373852307
force 29.803281468637017
260000 th step done
stateFactor 0.21326469475824883
stateVar 0.1301622872258551
local 1.140644938664662
force -29.8504160652663
265000 th step done
stateFactor 0.20558890359652793
stateVar 0.12717952335700994
local 1.1439574830571937
force -29.860469524521378
270000 th step done
stateFactor 0.19832361923187447
stateVar 0.12434481602248104
local 1.1472204280359657
force -29.873978544881318
275000 th step done
stateFactor 0.19145322632670095
stateVar 0.12165186718077821
local 1.1524031586946757
force -29.889026626035925
280000 th step done
stateFactor 0.18502783233088035
stateVar 0.11912067631816095
local 1.1514474813229245
force -29.89589380040757
285000 th step done
stateFactor 0.17900371135828472
stateVar 0.11673482308895951
local 1.1537439113615284
force 29.886337545425093
290000 th step done
stateFactor 0.17334251733979286
stateVar 0.11448003609786833
local 1.15621801800812
force 29.894979926946046
295000 th step done
stateFactor 0.16804137187304938
stateVar 0.11235625441326884
local 1.1569430720316034
force -29.912002153226926
300000 th step done
stateFactor 0.16306508093926086
stateVar 0.11035058753495676
local 1.1579633696095775
force 29.908302785599464
305000 th step done
stateFactor 0.15842207638454445
stateVar 0.10846776511853207
local 1.1588297130620935
force -29.91978388140885
310000 th step done
stateFactor 0.154064390529675
stateVar 0.10668969911828095
local 1.162300128284915
force -29.924108671684365
315000 th step done
stateFactor 0.14993410296795026
stateVar 0.10499386539843504
local 1.166063946954789
force -29.935482294262602
320000 th step done
stateFactor 0.1460757513078563
stateVar 0.10339972884505
local 1.166141386836862
force -29.94111948079877
325000 th step done
stateFactor 0.14249124280140166
stateVar 0.1019095335780504
local 1.1636090846023606
force 29.937356070633463
330000 th step done
stateFactor 0.13914920730884664
stateVar 0.10051165756902884
local 1.165786615827779
force 29.93814172865429
335000 th step done
stateFactor 0.13601388958799834
stateVar 0.09919236805514481
local 1.1659859583457615
force -29.941126718286807
340000 th step done
stateFactor 0.1330776962964004
stateVar 0.09794957536891918
local 1.1669764123017274
force 29.94428440248511
345000 th step done
stateFactor 0.1303315303289833
stateVar 0.09678050716448999
local 1.1686290511546844
force 29.946694563121934
350000 th step done
stateFactor 0.12775393443968322
stateVar 0.09567702021306682
local 1.1687114114620394
force -29.94867488704707
355000 th step done
stateFactor 0.12535391025243686
stateVar 0.09464393140351379
local 1.1683199983176877
force 29.95086436352456
360000 th step done
stateFactor 0.12311395846454995
stateVar 0.09367464973569764
local 1.1678156090634277
force -29.949490562214592
365000 th step done
stateFactor 0.1210190470531613
stateVar 0.0927635031184613
local 1.16825839802973
force 29.951778326839182
370000 th step done
stateFactor 0.11906085603401886
stateVar 0.09190762742728577
local 1.1692616512223468
force 29.9526783457384
375000 th step done
stateFactor 0.11721652127546107
stateVar 0.09109768159542676
local 1.1699623999569269
force -29.954635708627993
380000 th step done
stateFactor 0.11547754948579683
stateVar 0.09033048833850192
local 1.1730714933735018
force 29.960622157967922
385000 th step done
stateFactor 0.11383784060795826
stateVar 0.08960386286038541
local 1.1736144085492874
force -29.964874001252692
390000 th step done
stateFactor 0.11230102824424418
stateVar 0.08891991044479992
local 1.1736669200072827
force 29.968826332870826
395000 th step done
stateFactor 0.11086049225741891
stateVar 0.08827616464767758
local 1.1741734790138787
force -29.971589136137514
400000 th step done
stateFactor 0.1095086928694475
stateVar 0.08766968862597285
local 1.1749890092785527
force 29.97366289409189
405000 th step done
stateFactor 0.10824211332398431
stateVar 0.08709929919024961
local 1.1748201767141866
force -29.97640545479004
410000 th step done
stateFactor 0.10705258586629617
stateVar 0.08656167424087978
local 1.1753806623229732
force -29.97872241736248
415000 th step done
stateFactor 0.10593784429866172
stateVar 0.08605611148139082
local 1.1763108090073422
force 29.978994137633
420000 th step done
stateFactor 0.10489041123821198
stateVar 0.08557951048601777
local 1.1766426557728855
force 29.98078947626233
425000 th step done
stateFactor 0.10390700244531381
stateVar 0.0851306354243072
local 1.177358406012794
force -29.984516787175146
430000 th step done
stateFactor 0.1029817299110363
stateVar 0.08470703020355841
local 1.1779642136291615
force -29.98672836462176
435000 th step done
stateFactor 0.10211536195310318
stateVar 0.08430926022340056
local 1.1772822673061907
force 29.98551083608707
440000 th step done
stateFactor 0.10130528682279367
stateVar 0.08393632886639255
local 1.177688987056185
force 29.98616552682724
445000 th step done
stateFactor 0.10054497754220748
stateVar 0.08358540936767334
local 1.1778516960373593
force 29.98694195724043
450000 th step done
stateFactor 0.09983934404156647
stateVar 0.0832589356392507
local 1.175965965516461
force -29.988031003526753
455000 th step done
stateFactor 0.09918375494586494
stateVar 0.08295492536273937
local 1.1770168767856297
force 29.984755355069517
460000 th step done
stateFactor 0.09856161534910018
stateVar 0.08266580351379607
local 1.1781714317752974
force 29.985973965203147
465000 th step done
stateFactor 0.09797477430742531
stateVar 0.08239252321212293
local 1.1775578567249283
force -29.988928005328912
470000 th step done
stateFactor 0.09742680229724537
stateVar 0.08213684492542923
local 1.1778584933121294
force -29.989213825550188
475000 th step done
stateFactor 0.09691195823326419
stateVar 0.08189618049488569
local 1.17803717174938
force 29.988446836009363
480000 th step done
stateFactor 0.09642628873977144
stateVar 0.08166875614922667
local 1.1785732309572003
force 29.98958402458719
485000 th step done
stateFactor 0.09596925885349826
stateVar 0.08145438701643115
local 1.1790498861256047
force 29.990586675696044
490000 th step done
stateFactor 0.09552915215021555
stateVar 0.08124762664654378
local 1.1802243915093635
force 29.993831982143924
495000 th step done
stateFactor 0.095107718298953
stateVar 0.08104933355164197
local 1.181830518778828
force 29.99742243789303
500000 th step done
stateFactor 0.09470547292577608
stateVar 0.08085978826969648
local 1.1822694141704133
force -30.00208503760164
505000 th step done
stateFactor 0.09432517595413288
stateVar 0.08068033131482379
local 1.1827976800850997
force 30.003104184709343
510000 th step done
stateFactor 0.0939690702695374
stateVar 0.08051206427484206
local 1.1827166980658341
force 30.004320955520352
515000 th step done
stateFactor 0.09363275529304711
stateVar 0.08035294697322533
local 1.1832482991739863
force 30.0055821869262
520000 th step done
stateFactor 0.0933135494265412
stateVar 0.08020174183108884
local 1.1831377585677925
force -30.009253964096132
525000 th step done
stateFactor 0.09301530511961503
stateVar 0.08006030438298363
local 1.183468921723652
force -30.010026884209193
530000 th step done
stateFactor 0.09272962999275482
stateVar 0.07992468038714366
local 1.1836982046416964
force -30.01181682370135
535000 th step done
stateFactor 0.09246262050289701
stateVar 0.07979778686424252
local 1.1838857953850375
force -30.012694521035613
540000 th step done
stateFactor 0.09220917694694597
stateVar 0.07967722267664983
local 1.1842963128189834
force -30.01400101701746
545000 th step done
stateFactor 0.09197017940081699
stateVar 0.07956342493993879
local 1.1849844569298993
force 30.012235168967862
550000 th step done
stateFactor 0.09174268261127629
stateVar 0.07945500758577292
local 1.185575579862421
force -30.016429171962535
555000 th step done
stateFactor 0.09152510346153889
stateVar 0.0793512289631754
local 1.1856742377619778
force -30.018070149366903
560000 th step done
stateFactor 0.09132102655718108
stateVar 0.07925381224871403
local 1.1853791215557976
force -30.018991816901355
565000 th step done
stateFactor 0.09112985146941385
stateVar 0.07916248525987982
local 1.1856232280666887
force -30.019466295173004
570000 th step done
stateFactor 0.0909469415096459
stateVar 0.07907504391938078
local 1.1859587774375042
force 30.017399649698724
575000 th step done
stateFactor 0.09077471211901549
stateVar 0.07899265222759684
local 1.1863329329159615
force -30.02144638477163
580000 th step done
stateFactor 0.09061176939478051
stateVar 0.07891465270694584
local 1.1867910208135193
force -30.022249541238104
585000 th step done
stateFactor 0.09045738284512757
stateVar 0.07884070359164233
local 1.1867156469892848
force 30.01967972145705
590000 th step done
stateFactor 0.09030894085109757
stateVar 0.07876956007607591
local 1.1871368998692293
force -30.024297945897867
595000 th step done
stateFactor 0.09016870228129348
stateVar 0.07870231047592255
local 1.1875163605058703
force -30.025253980864317
600000 th step done
stateFactor 0.09003495753346381
stateVar 0.07863814066175175
local 1.187576384357467
force -30.02626148695242
605000 th step done
stateFactor 0.08990853544472927
stateVar 0.07857745339084649
local 1.1875929938952232
force 30.023570592552424
610000 th step done
stateFactor 0.08978611785456249
stateVar 0.07851865981064146
local 1.187844190478373
force -30.028380369812606
615000 th step done
stateFactor 0.08967099892153303
stateVar 0.0784633458105349
local 1.1885884783523182
force -30.029076130427708
620000 th step done
stateFactor 0.08956087528756612
stateVar 0.07841040861012777
local 1.1887343449892893
force 30.0265207458582
625000 th step done
stateFactor 0.0894535199101038
stateVar 0.07835878004235326
local 1.1891258342399675
force -30.031252809791432
630000 th step done
stateFactor 0.08935055588189984
stateVar 0.07830924279927441
local 1.1891257334512177
force -30.032321014209536
635000 th step done
stateFactor 0.08925483411760188
stateVar 0.07826317182873514
local 1.1891322206944788
force 30.029575165536333
640000 th step done
stateFactor 0.08915828268628526
stateVar 0.07821668386661765
local 1.1895323893760932
force 30.03142007709644
645000 th step done
stateFactor 0.08907063969505144
stateVar 0.07817446977853587
local 1.1899876057960752
force 30.031668429433473
650000 th step done
stateFactor 0.08898571355960246
stateVar 0.07813355028689098
local 1.1900040370851
force 30.032422528238836
655000 th step done
stateFactor 0.08890671515346885
stateVar 0.0780954745259676
local 1.1899241969516299
force 30.032670765289797
660000 th step done
stateFactor 0.08883138303091646
stateVar 0.07805915469996164
local 1.1902940943822686
force 30.03314049693896
665000 th step done
stateFactor 0.08875852923568804
stateVar 0.0780240193826208
local 1.190140020188089
force -30.037003682447708
670000 th step done
stateFactor 0.08868779351634398
stateVar 0.07798989578655567
local 1.190635720768992
force -30.038017435640608
675000 th step done
stateFactor 0.08862107080732907
stateVar 0.07795769927378722
local 1.190847348233144
force 30.035355461912587
680000 th step done
stateFactor 0.0885567548119313
stateVar 0.07792665597481738
local 1.1911449105183842
force 30.03603944083693
685000 th step done
stateFactor 0.08849363848078835
stateVar 0.07789618394999202
local 1.1914121296840228
force 30.03705086710821
690000 th step done
stateFactor 0.08843450706940906
stateVar 0.07786762882191302
local 1.1912576638957812
force -30.040914102281146
695000 th step done
stateFactor 0.08837744068745028
stateVar 0.07784006449800536
local 1.1918353721298378
force -30.041616675011635
700000 th step done
stateFactor 0.08832162384641074
stateVar 0.07781309762403232
local 1.1920450224693866
force 30.039128008502114
705000 th step done
stateFactor 0.08826778483285468
stateVar 0.07778708057311076
local 1.1921631503662573
force 30.039870506277445
710000 th step done
stateFactor 0.08821552824077734
stateVar 0.07776182282340374
local 1.1927703857287888
force 30.0407225057373
715000 th step done
stateFactor 0.08816396748165767
stateVar 0.07773689619365978
local 1.1927548165421116
force 30.04165807873415
720000 th step done
stateFactor 0.08811675721454995
stateVar 0.07771406823542999
local 1.1923528809789916
force 30.041857598493813
725000 th step done
stateFactor 0.08806926786428594
stateVar 0.07769110094840284
local 1.1935482817077399
force 30.04287016613448
730000 th step done
stateFactor 0.08801791952228596
stateVar 0.07766626238671309
local 1.1938278676944092
force -30.048260775014004
735000 th step done
stateFactor 0.08796533699772448
stateVar 0.07764082148290086
local 1.1948782610857807
force 30.047069253267864
740000 th step done
stateFactor 0.08791023565864105
stateVar 0.07761415610694414
local 1.1956908230896888
force 30.049407089269355
745000 th step done
stateFactor 0.0878491060494962
stateVar 0.0775845664981191
local 1.1966481910167546
force -30.05590770430587
750000 th step done
stateFactor 0.08779209471177518
stateVar 0.07755696372864614
local 1.1969455729334753
force -30.05708576006532
755000 th step done
stateFactor 0.08773284385685613
stateVar 0.0775282699120073
local 1.1970775149059756
force 30.056632269329988
760000 th step done
stateFactor 0.08767406366022948
stateVar 0.07749979721159433
local 1.1979032664346023
force 30.05839643311213
765000 th step done
stateFactor 0.08761589559552724
stateVar 0.07747161433549377
local 1.198163447203772
force -30.062193145288166
770000 th step done
stateFactor 0.08755788610544753
stateVar 0.07744350165632201
local 1.1985432638419649
force 30.06181668010299
775000 th step done
stateFactor 0.08750412813734132
stateVar 0.07741744343748927
local 1.198367488770235
force 30.062614108545258
780000 th step done
stateFactor 0.0874523465454626
stateVar 0.07739233784028532
local 1.1987174250757655
force -30.06317745667444
785000 th step done
stateFactor 0.08739649903718105
stateVar 0.07736525500244151
local 1.1999055885568846
force -30.064435851803033
790000 th step done
stateFactor 0.08733750469128734
stateVar 0.07733663942981789
local 1.2006563641642696
force 30.06830846809911
795000 th step done
stateFactor 0.08728023143275257
stateVar 0.07730885208913195
local 1.2008763122667037
force 30.070096670517824
800000 th step done
stateFactor 0.08722740138191505
stateVar 0.07728321470022972
local 1.2000354797207167
force 30.07065074082536
805000 th step done
stateFactor 0.08718219752876612
stateVar 0.07726127375891587
local 1.1995482706011413
force 30.069985667906558
810000 th step done
stateFactor 0.08714263335895936
stateVar 0.0772420668633751
local 1.1994191829459195
force 30.068997038822108
815000 th step done
stateFactor 0.08710707206004886
stateVar 0.07722480055367205
local 1.2001561099916773
force 30.068147823025143
820000 th step done
stateFactor 0.0870637287643914
stateVar 0.0772037523982997
local 1.2005763786489692
force 30.0700358915226
825000 th step done
stateFactor 0.08701769150708123
stateVar 0.0771813919180134
local 1.2014381775488514
force -30.066638018756194
830000 th step done
stateFactor 0.08697933968216695
stateVar 0.07716276105800571
local 1.1999989602583312
force -30.066118406267805
835000 th step done
stateFactor 0.08693951132749748
stateVar 0.07714340981199855
local 1.2011247607390982
force -30.06677097745395
840000 th step done
stateFactor 0.0869063256009695
stateVar 0.0771272835752288
local 1.2007447025279827
force -30.065691837648824
845000 th step done
stateFactor 0.08687009958986637
stateVar 0.07710967743423146
local 1.2017041209973496
force -30.066063414341343
850000 th step done
stateFactor 0.08683351219677164
stateVar 0.07709189299572351
local 1.2022091686150913
force 30.075132272606304
855000 th step done
stateFactor 0.08679753192010943
stateVar 0.07707440105320357
local 1.201626067836552
force 30.07589318400539
860000 th step done
stateFactor 0.08676152836339064
stateVar 0.07705689519859028
local 1.202448166788474
force -30.068051754598233
865000 th step done
stateFactor 0.0867225450080201
stateVar 0.07703793756072283
local 1.2025420413463137
force 30.07861674364318
870000 th step done
stateFactor 0.08668709689863728
stateVar 0.07702069647062208
local 1.2025968922420744
force 30.079216470362866
875000 th step done
stateFactor 0.08665053499601397
stateVar 0.07700291101718686
local 1.203485160607874
force -30.07043097162878
880000 th step done
stateFactor 0.08661102004579492
stateVar 0.0769836860419709
local 1.2041640325320644
force 30.082396146783793
885000 th step done
stateFactor 0.08657522750391577
stateVar 0.07696626939943482
local 1.2034723013719826
force -30.071948254930046
890000 th step done
stateFactor 0.08654486725637506
stateVar 0.07695149409033063
local 1.203244655080357
force 30.082116016130737
895000 th step done
stateFactor 0.08651892766366168
stateVar 0.07693886869536658
local 1.2025615942592784
force -30.070807228242302
900000 th step done
stateFactor 0.08649228301747969
stateVar 0.07692589872401819
local 1.2041561697020795
force -30.07145554077918
905000 th step done
stateFactor 0.08646139534933711
stateVar 0.07691086156163979
local 1.2040459950574607
force -30.073138323439352
910000 th step done
stateFactor 0.08642737504103024
stateVar 0.07689429709799035
local 1.2051319774099492
force 30.084804910857617
915000 th step done
stateFactor 0.0863891553783086
stateVar 0.07687568518645384
local 1.2053276717763417
force -30.077780848591225
920000 th step done
stateFactor 0.0863490944282551
stateVar 0.07685617345325464
local 1.2062548345754005
force 30.089545440690618
925000 th step done
stateFactor 0.08630935889174338
stateVar 0.07683681700939858
local 1.206058806578895
force 30.09108284389623
930000 th step done
stateFactor 0.08627483163333052
stateVar 0.07681999509069715
local 1.2064953949462933
force -30.081481651523816
935000 th step done
stateFactor 0.08623541117062497
stateVar 0.07680078621908101
local 1.2074200011510332
force 30.09304160778035
940000 th step done
stateFactor 0.08619830007588414
stateVar 0.07678269978387688
local 1.206746817596021
force -30.084008511677965
945000 th step done
stateFactor 0.08616452347308622
stateVar 0.07676623601739396
local 1.2070331471928009
force -30.084028424669885
950000 th step done
stateFactor 0.08612668324736773
stateVar 0.07674778876598538
local 1.2085910220598455
force -30.08550594599817
955000 th step done
stateFactor 0.08607991452789537
stateVar 0.07672498482357502
local 1.2097153786715271
force 30.099446220604605
960000 th step done
stateFactor 0.08602795235604686
stateVar 0.07669964339481941
local 1.2109077531177117
force 30.103119338808416
965000 th step done
stateFactor 0.08597416273789715
stateVar 0.07667340495285692
local 1.211080880699522
force 30.10604049141687
970000 th step done
stateFactor 0.08592373171558676
stateVar 0.0766487994735983
local 1.210906773786553
force 30.107387048083062
975000 th step done
stateFactor 0.08587471057306224
stateVar 0.07662487691019311
local 1.211248272565566
force -30.096466238235244
980000 th step done
stateFactor 0.08583205631597031
stateVar 0.07660405742884337
local 1.2104610658161306
force -30.095780008488273
985000 th step done
stateFactor 0.08579498878064787
stateVar 0.0765859618003722
local 1.2104694547664574
force -30.09470889340019
990000 th step done
stateFactor 0.08575530338090614
stateVar 0.07656658506956199
local 1.2111067930329036
force 30.10846244752271
995000 th step done
stateFactor 0.08571842335575332
stateVar 0.07654857519805355
local 1.2105348259089188
force -30.095810126893486
stateFactor 0.08569095332547925
stateVar 0.07653515876329588
local 1.2100890412184642
force -30.094851755122267
Simulation is initiated
REMARK  Using OpenMM platform CUDA
|------ calibration initiated -----|
|----- simulation initiated -----|
stateFactor 0.9411764705882353
stateVar 1.0
local 1e-14
force -4.37499999999999e-20
5000 th step done
stateFactor 0.9390028889484896
stateVar 0.9808866859273152
local 0.6489745080273062
force 6.294714684030421
10000 th step done
stateFactor 0.9344518958501168
stateVar 0.9439270153825896
local 0.8790282066894428
force -13.623427700907813
15000 th step done
stateFactor 0.9283343415335039
stateVar 0.8997806910319927
local 1.0418167385549375
force 21.245373936799776
20000 th step done
stateFactor 0.9209689664047486
stateVar 0.8534216888870573
local 1.123149808088475
force -23.77330665332215
25000 th step done
stateFactor 0.912470998547352
stateVar 0.8071858808081248
local 1.1361764750675225
force -26.075653406840743
30000 th step done
stateFactor 0.9032337661517335
stateVar 0.7637973930604804
local 1.127284994565826
force 28.60930586465374
35000 th step done
stateFactor 0.8931801135705641
stateVar 0.7229087397198332
local 1.1294371081039978
force -28.018675693656576
40000 th step done
stateFactor 0.8826270616041132
stateVar 0.685558688919898
local 1.090204528894419
force 29.399564559743585
45000 th step done
stateFactor 0.8714011545197324
stateVar 0.6507745182488394
local 1.0824141761606099
force 29.49158673603491
50000 th step done
stateFactor 0.8597182465331534
stateVar 0.6188957322456695
local 1.057021662849345
force -28.72489556812276
55000 th step done
stateFactor 0.8473711340009182
stateVar 0.5890586024299769
local 1.0553934567136771
force 29.465094599998935
60000 th step done
stateFactor 0.8341450052894909
stateVar 0.5606560437385666
local 1.0632029603498587
force -28.934689826727876
65000 th step done
stateFactor 0.8202089533364588
stateVar 0.5339716886131961
local 1.0485422742780277
force -29.023527797407162
70000 th step done
stateFactor 0.8059174789980931
stateVar 0.5094388763219245
local 1.0256630189921025
force -29.05558271029293
75000 th step done
stateFactor 0.7909276223296025
stateVar 0.48625048899814843
local 1.0343742801394396
force 29.39453563427872
80000 th step done
stateFactor 0.7751803352336569
stateVar 0.46422041365328787
local 1.0338552681763507
force 29.395253345501065
85000 th step done
stateFactor 0.7586527928876582
stateVar 0.443241484157144
local 1.0571705948878556
force 29.414430497107848
90000 th step done
stateFactor 0.7413060619743576
stateVar 0.4231999994260819
local 1.0494021377915932
force -29.337323695216778
95000 th step done
stateFactor 0.7236406669008172
stateVar 0.404542750833057
local 1.0374881522497432
force -29.374393905687434
100000 th step done
stateFactor 0.7058372897633455
stateVar 0.3872563063936376
local 1.022677854587413
force 29.394901099576497
105000 th step done
stateFactor 0.6877332501225824
stateVar 0.3710113092405538
local 1.031303520716258
force -29.384739928697833
110000 th step done
stateFactor 0.6690986624617781
stateVar 0.35549690840274756
local 1.0396351911998019
force -29.424426931839246
115000 th step done
stateFactor 0.6498018224922713
stateVar 0.34054423327506383
local 1.0479891997099384
force 29.40608124074856
120000 th step done
stateFactor 0.630150210167475
stateVar 0.3263242610696659
local 1.0513574369777947
force -29.55567485501956
125000 th step done
stateFactor 0.6101450252669981
stateVar 0.31275553603239814
local 1.0644950921691323
force -29.617703946722262
130000 th step done
stateFactor 0.5898634656104448
stateVar 0.2998137379479877
local 1.0836711495555986
force -29.680201413006703
135000 th step done
stateFactor 0.5692610068607156
stateVar 0.2874012367732932
local 1.0934128439554698
force -29.748416401766004
140000 th step done
stateFactor 0.5485361717104127
stateVar 0.27556951019417775
local 1.1033408790159447
force 29.619481554686768
145000 th step done
stateFactor 0.5280175703909893
stateVar 0.26442424932711095
local 1.097549928249522
force 29.642856553885764
150000 th step done
stateFactor 0.507831262351737
stateVar 0.2539467815231293
local 1.0951661367487853
force 29.65268629130383
155000 th step done
stateFactor 0.4876792975973989
stateVar 0.24391371210359417
local 1.1145220242139358
force 29.686775515480246
160000 th step done
stateFactor 0.46771999916324536
stateVar 0.23434889190472927
local 1.1214170099195695
force -29.949756730668696
165000 th step done
stateFactor 0.4478423276708993
stateVar 0.2251495183782777
local 1.1511100316721865
force 29.780934274642625
170000 th step done
stateFactor 0.42810434434199707
stateVar 0.21629995417746956
local 1.1585356991761522
force -30.079564084097342
175000 th step done
stateFactor 0.4088343749516035
stateVar 0.20790221884875446
local 1.1658202002629698
force -30.130896610053295
180000 th step done
stateFactor 0.3901480656521485
stateVar 0.19995972686468705
local 1.1779740107335384
force -30.169643503630482
185000 th step done
stateFactor 0.37187016974110554
stateVar 0.1923583177236825
local 1.1908922292096862
force 29.974250776227702
190000 th step done
stateFactor 0.3542458505258454
stateVar 0.1851649540885126
local 1.1951899932319068
force 30.010491460776336
195000 th step done
stateFactor 0.3372514335608349
stateVar 0.1783374335282922
local 1.2048575176641396
force -30.29090381881473
200000 th step done
stateFactor 0.32105163445877033
stateVar 0.1719131419430996
local 1.2047456040446403
force 30.068213429787008
205000 th step done
stateFactor 0.3057757511640448
stateVar 0.16591728783463564
local 1.2015723878587643
force -30.31933992408968
210000 th step done
stateFactor 0.2913360478718997
stateVar 0.16029388317581264
local 1.2029432381120804
force 30.079042252159926
215000 th step done
stateFactor 0.27773480727506455
stateVar 0.1550268138496076
local 1.2037966882389322
force 30.081203144482156
220000 th step done
stateFactor 0.2649527747830469
stateVar 0.15009513766733912
local 1.2013009714906364
force -30.323701356726286
225000 th step done
stateFactor 0.2528640826437313
stateVar 0.14543996923642932
local 1.2113345381718572
force 30.091422014653595
230000 th step done
stateFactor 0.24146384320028272
stateVar 0.14105156838901775
local 1.2134568128337375
force -30.343281563739747
235000 th step done
stateFactor 0.23072594075685837
stateVar 0.13691394286103867
local 1.2157460392017694
force -30.355241599274304
240000 th step done
stateFactor 0.2206238545288506
stateVar 0.13301257101286615
local 1.2210388969872745
force -30.368332488722775
245000 th step done
stateFactor 0.21109817098144742
stateVar 0.12932150865971825
local 1.227565637386165
force 30.147928317013445
250000 th step done
stateFactor 0.20219051779168484
stateVar 0.12585509564431901
local 1.2276334961203093
force -30.39538110261956
255000 th step done
stateFactor 0.19386994398201812
stateVar 0.12260062782467739
local 1.2316788938811865
force 30.16920844653831
260000 th step done
stateFactor 0.18609247231678858
stateVar 0.11954099845603458
local 1.2319372165622533
force -30.409685564957417
265000 th step done
stateFactor 0.17884059731802596
stateVar 0.11667003535254794
local 1.2350616029922064
force 30.18500676994431
270000 th step done
stateFactor 0.1720813925141724
stateVar 0.11397592954316801
local 1.2334244745446603
force -30.417990579444403
275000 th step done
stateFactor 0.1658062301606082
stateVar 0.11145690014479764
local 1.2350284429126985
force 30.193401393155366
280000 th step done
stateFactor 0.15996674963408408
stateVar 0.10909544811969198
local 1.2356826600416222
force 30.19636068544558
285000 th step done
stateFactor 0.1545164839252921
stateVar 0.10687468428367479
local 1.2386324587400317
force -30.423574807702696
290000 th step done
stateFactor 0.14943003106301414
stateVar 0.10478616097996264
local 1.2389416140804665
force 30.20829769373635
295000 th step done
stateFactor 0.14468790486401764
stateVar 0.10282383932214928
local 1.2442382932107596
force 30.21488709103278
300000 th step done
stateFactor 0.14025449595248132
stateVar 0.10097490374511775
local 1.2451583404772102
force 30.22275584565085
305000 th step done
stateFactor 0.1361070055420778
stateVar 0.09923166358348348
local 1.2473261532257667
force -30.447789920915543
310000 th step done
stateFactor 0.13225187519216755
stateVar 0.09759871192828297
local 1.2486994915966536
force -30.45171645209558
315000 th step done
stateFactor 0.12865823592275852
stateVar 0.096064856764303
local 1.249702619336867
force -30.45530993956382
320000 th step done
stateFactor 0.1253170124876294
stateVar 0.09462800525316983
local 1.2517411598966834
force 30.246882669095232
325000 th step done
stateFactor 0.1222177851100369
stateVar 0.09328543146178235
local 1.249451871460209
force 30.248186482953543
330000 th step done
stateFactor 0.11933749060196812
stateVar 0.09202878856117896
local 1.2509507927035617
force -30.458312281756836
335000 th step done
stateFactor 0.11664822398247035
stateVar 0.0908473431580647
local 1.2527705696636853
force 30.253459689126206
340000 th step done
stateFactor 0.11412872980094836
stateVar 0.0897330009077388
local 1.2542176334903172
force 30.259117093946678
345000 th step done
stateFactor 0.11177151840377848
stateVar 0.08868358410197254
local 1.2571166454542184
force -30.470211551419368
350000 th step done
stateFactor 0.10957104072036941
stateVar 0.08769771221014462
local 1.25652087538592
force -30.47394811568535
355000 th step done
stateFactor 0.1075176966933036
stateVar 0.08677211397316754
local 1.2599943133727536
force -30.477285863382704
360000 th step done
stateFactor 0.1055905449721879
stateVar 0.08589825345817968
local 1.2606448927154394
force -30.481880342075495
365000 th step done
stateFactor 0.10380771381937619
stateVar 0.08508523863132703
local 1.2602431685622517
force 30.281533155713493
370000 th step done
stateFactor 0.10215287519519739
stateVar 0.08432650636662464
local 1.2599115243151242
force -30.481123635374534
375000 th step done
stateFactor 0.10060271672436608
stateVar 0.0836120896146842
local 1.261538401661694
force 30.28460225066265
380000 th step done
stateFactor 0.09916196446703847
stateVar 0.0829448091448342
local 1.2619156593867495
force 30.285774867889096
385000 th step done
stateFactor 0.09780159163306124
stateVar 0.08231177018721399
local 1.263411474963699
force 30.290547810671647
390000 th step done
stateFactor 0.09653532152283104
stateVar 0.08171984670071543
local 1.2634273654289525
force 30.29293302596458
395000 th step done
stateFactor 0.09535333428259922
stateVar 0.08116493724608838
local 1.2649322431398753
force -30.48914817846773
400000 th step done
stateFactor 0.09423453262377579
stateVar 0.08063752129939314
local 1.266317205878526
force -30.493222162441857
405000 th step done
stateFactor 0.09318722064907384
stateVar 0.08014185160662057
local 1.267701459611261
force -30.49595998110201
410000 th step done
stateFactor 0.09221348269070961
stateVar 0.07967927189820023
local 1.266938979818442
force 30.305678736191417
415000 th step done
stateFactor 0.09131081245065582
stateVar 0.07924893451858482
local 1.2668575551513994
force 30.305816653608044
420000 th step done
stateFactor 0.09045730725079235
stateVar 0.07884066737211819
local 1.2697680149430923
force -30.497381826042616
425000 th step done
stateFactor 0.08965463208048965
stateVar 0.07845547960539821
local 1.269545405197146
force -30.499381049216524
430000 th step done
stateFactor 0.08890602272595462
stateVar 0.0780951407359251
local 1.2698221351156498
force 30.313738271171353
435000 th step done
stateFactor 0.08820103202460552
stateVar 0.07775481526821357
local 1.2709080669350954
force 30.316429256249027
440000 th step done
stateFactor 0.08754274221122274
stateVar 0.07743616149951969
local 1.271246561880445
force 30.318006263724
445000 th step done
stateFactor 0.08692355517009549
stateVar 0.07713565636827985
local 1.2721481473932608
force -30.5036723219842
450000 th step done
stateFactor 0.08633256984716997
stateVar 0.0768481241918361
local 1.27523051095436
force 30.32462689807733
455000 th step done
stateFactor 0.08576459016976423
stateVar 0.07657111971115747
local 1.2763147855114418
force 30.330597340626735
460000 th step done
stateFactor 0.08522781612469986
stateVar 0.0763087278888183
local 1.276698116889324
force -30.515349535057638
465000 th step done
stateFactor 0.08472498159190257
stateVar 0.07606238620193854
local 1.2785998204933464
force 30.338125100332316
470000 th step done
stateFactor 0.08424016706486988
stateVar 0.0758243721876357
local 1.279854923763424
force -30.52099983260939
475000 th step done
stateFactor 0.08377624788982774
stateVar 0.07559615178914955
local 1.2826649989629173
force 30.348510106853745
480000 th step done
stateFactor 0.08333117680748485
stateVar 0.07537677214796665
local 1.2826023324764102
force 30.353735618551593
485000 th step done
stateFactor 0.08291715783110731
stateVar 0.07517231556068966
local 1.2828519677700527
force -30.530720381055733
490000 th step done
stateFactor 0.08252350336046298
stateVar 0.07497757039625991
local 1.2847602967996885
force 30.359304442391736
495000 th step done
stateFactor 0.08215209748355756
stateVar 0.07479352069036205
local 1.285024140207451
force -30.53428818091816
500000 th step done
stateFactor 0.08179996646922615
stateVar 0.07461874137650797
local 1.2858171533232823
force 30.364476834353873
505000 th step done
stateFactor 0.08145583427435499
stateVar 0.0744476657297664
local 1.288367642529109
force 30.36957182428908
510000 th step done
stateFactor 0.08112378399558588
stateVar 0.07428234466081284
local 1.2902090684554564
force -30.543712509023056
515000 th step done
stateFactor 0.08080405204764307
stateVar 0.07412292142222632
local 1.2908282383259324
force -30.547402118574546
520000 th step done
stateFactor 0.08049472577751739
stateVar 0.07396846545336377
local 1.2929640962393507
force -30.55143402437271
525000 th step done
stateFactor 0.080201151279127
stateVar 0.07382167229842822
local 1.2927697466001296
force 30.387799837421994
530000 th step done
stateFactor 0.07992803827399307
stateVar 0.07368493207826708
local 1.2938861790747072
force -30.55447550635961
535000 th step done
stateFactor 0.07966783116306103
stateVar 0.07355449271584624
local 1.2933195078302724
force 30.39149212613335
540000 th step done
stateFactor 0.07942805849593625
stateVar 0.0734341572747441
local 1.2933585353180956
force 30.39182782584094
545000 th step done
stateFactor 0.07920125619084897
stateVar 0.0733202073603776
local 1.2939821788917272
force -30.555377645308287
550000 th step done
stateFactor 0.07898700664862968
stateVar 0.07321245296103016
local 1.2943496979457372
force 30.39404670814228
555000 th step done
stateFactor 0.0787889403403471
stateVar 0.07311274114754143
local 1.2939278994877352
force 30.394136449646155
560000 th step done
stateFactor 0.07860223113357877
stateVar 0.07301866145295416
local 1.2948776195802791
force 30.394826676666227
565000 th step done
stateFactor 0.07842008615199647
stateVar 0.07292680144635348
local 1.295736750479012
force -30.556998487326716
570000 th step done
stateFactor 0.07824488981945672
stateVar 0.07283837081957835
local 1.2961916052528892
force 30.39947101491956
575000 th step done
stateFactor 0.07809017166368172
stateVar 0.07276021521246516
local 1.2950007922668982
force 30.3984919838044
580000 th step done
stateFactor 0.07794815316202391
stateVar 0.07268842396589656
local 1.2948616296293027
force 30.397629240225807
585000 th step done
stateFactor 0.07781499586997667
stateVar 0.07262106776394764
local 1.2944039365031372
force 30.3973771652178
590000 th step done
stateFactor 0.07770116744179904
stateVar 0.07256345473333733
local 1.2939018329763181
force -30.551650673986757
595000 th step done
stateFactor 0.07759347705786604
stateVar 0.07250891937138226
local 1.293297539619719
force -30.550288935075937
600000 th step done
stateFactor 0.07750076716844281
stateVar 0.07246194759711046
local 1.2918828066199433
force -30.547428026490433
605000 th step done
stateFactor 0.07741764215036051
stateVar 0.07241981415964314
local 1.2918524002104088
force -30.545205827307385
610000 th step done
stateFactor 0.07733488603563379
stateVar 0.07237785089132516
local 1.2931951043615064
force 30.390952312972164
615000 th step done
stateFactor 0.07725626456350018
stateVar 0.07233796861163427
local 1.293672984119525
force 30.391471762008905
620000 th step done
stateFactor 0.07717673412592833
stateVar 0.07229760977751203
local 1.29400263438587
force -30.546141074954406
625000 th step done
stateFactor 0.07710032016483669
stateVar 0.07225881776664177
local 1.2943861304786388
force -30.54687837105676
630000 th step done
stateFactor 0.07702894483895603
stateVar 0.07222257063557058
local 1.2942548252624326
force 30.395437199693138
635000 th step done
stateFactor 0.07696539973233382
stateVar 0.07219028939632999
local 1.2939372903143402
force 30.3950488529701
640000 th step done
stateFactor 0.07689954823158733
stateVar 0.07215682595196996
local 1.296170559319574
force 30.39664004500618
645000 th step done
stateFactor 0.07682786207144156
stateVar 0.07212038531631336
local 1.2969500027670398
force 30.399860535252312
650000 th step done
stateFactor 0.07675647828120744
stateVar 0.07208408570809392
local 1.2970602313713597
force -30.550993069807234
655000 th step done
stateFactor 0.0766823923101916
stateVar 0.07204639860443747
local 1.2985516027940807
force 30.405535964078574
660000 th step done
stateFactor 0.07661278569674558
stateVar 0.07201097766732635
local 1.2979034101350104
force -30.55425713069477
665000 th step done
stateFactor 0.07655090701809258
stateVar 0.07197947912013154
local 1.2975724319226776
force -30.553750725465303
670000 th step done
stateFactor 0.0764883313699015
stateVar 0.07194761606112814
local 1.2992945251415238
force 30.408202045437243
675000 th step done
stateFactor 0.07642179814438006
stateVar 0.07191372708688554
local 1.300098515936087
force 30.41065857903733
680000 th step done
stateFactor 0.0763524062541561
stateVar 0.07187837022276683
local 1.3011809052734657
force 30.413728893859375
685000 th step done
stateFactor 0.07628112614897666
stateVar 0.07184203868464213
local 1.302432004778221
force 30.416781757395928
690000 th step done
stateFactor 0.07620585813940771
stateVar 0.0718036606439061
local 1.303684583009281
force 30.42039870121224
695000 th step done
stateFactor 0.07613142764547641
stateVar 0.07176569561213542
local 1.303748964546627
force 30.422970494054667
700000 th step done
stateFactor 0.0760639169366534
stateVar 0.07173124809602482
local 1.303416269358286
force 30.42369562644534
705000 th step done
stateFactor 0.07600134684534968
stateVar 0.07169931126300978
local 1.3044098880977941
force -30.567586709361873
710000 th step done
stateFactor 0.07592630678401048
stateVar 0.07166099648372398
local 1.3064109705768232
force -30.571495644022786
715000 th step done
stateFactor 0.07584968594727091
stateVar 0.07162185985115643
local 1.3067208167307927
force -30.574493333175933
720000 th step done
stateFactor 0.07577850013972624
stateVar 0.07158548598577552
local 1.3064273375447335
force -30.575467693035772
725000 th step done
stateFactor 0.0757069192496787
stateVar 0.07154889725273168
local 1.308819318981817
force -30.577137249580232
730000 th step done
stateFactor 0.0756307317642512
stateVar 0.0715099395115944
local 1.3089977609450245
force -30.579746103907937
735000 th step done
stateFactor 0.07555637437816703
stateVar 0.07147190329506309
local 1.309792594880814
force 30.441322659399805
740000 th step done
stateFactor 0.0754808514139831
stateVar 0.07143325638361041
local 1.310413457122413
force -30.58355267998001
745000 th step done
stateFactor 0.07541062557914681
stateVar 0.07139730703960158
local 1.310521724536839
force -30.58402535513116
750000 th step done
stateFactor 0.07534156445024082
stateVar 0.07136194158842961
local 1.3111679164463228
force -30.584811746461433
755000 th step done
stateFactor 0.0752747923810652
stateVar 0.07132773669349966
local 1.3110151531099852
force 30.447922754956828
760000 th step done
stateFactor 0.07521492403578786
stateVar 0.07129705857441117
local 1.3109437455767
force 30.448013760822356
765000 th step done
stateFactor 0.0751570362259011
stateVar 0.07126738655538677
local 1.311863313744992
force 30.448657994325625
770000 th step done
stateFactor 0.07509813883948367
stateVar 0.07123718817967623
local 1.3119229103964438
force 30.450173382257397
775000 th step done
stateFactor 0.07504239534205621
stateVar 0.07120859864139026
local 1.3112768680147049
force -30.585597474697483
780000 th step done
stateFactor 0.07499506230409526
stateVar 0.07118431632364004
local 1.3114249497833992
force 30.450394091126224
785000 th step done
stateFactor 0.07494693706874804
stateVar 0.07115962165456541
local 1.3120803932766163
force -30.584430341020184
790000 th step done
stateFactor 0.07490131159791043
stateVar 0.0711362041558285
local 1.3126040956492049
force 30.45165048101584
795000 th step done
stateFactor 0.0748549139315667
stateVar 0.07111238478552474
local 1.313383971492232
force -30.585197963435416
800000 th step done
stateFactor 0.07480715054609638
stateVar 0.0710878584499475
local 1.3141460695582157
force 30.454517829742553
805000 th step done
stateFactor 0.07475620703227004
stateVar 0.07106169259230809
local 1.3140398362404409
force 30.456784967787993
810000 th step done
stateFactor 0.07471209579755296
stateVar 0.07103903050655785
local 1.314555017749408
force 30.457020357969913
815000 th step done
stateFactor 0.07466528373864312
stateVar 0.07101497533081477
local 1.3146112577864546
force 30.45853619812015
820000 th step done
stateFactor 0.07462152811913822
stateVar 0.0709924855903231
local 1.3147188308834674
force 30.459275814962496
825000 th step done
stateFactor 0.07458090582680599
stateVar 0.0709716018587921
local 1.3149783995841846
force -30.59015294569821
830000 th step done
stateFactor 0.07454143439955292
stateVar 0.07095130565044001
local 1.3156233852242893
force -30.59056162049254
835000 th step done
stateFactor 0.07449847558835039
stateVar 0.07092921159746055
local 1.3158142059999407
force 30.461984118051273
840000 th step done
stateFactor 0.0744540271839523
stateVar 0.07090634634834422
local 1.3171587909532647
force -30.593900748600266
845000 th step done
stateFactor 0.07440109565922305
stateVar 0.07087911043726254
local 1.3188381635746902
force 30.46778381813603
850000 th step done
stateFactor 0.07434848101565247
stateVar 0.07085203029026592
local 1.3189076795053938
force 30.47023250683418
855000 th step done
stateFactor 0.07429634964513161
stateVar 0.07082519170416073
local 1.319150870893303
force 30.472097898596502
860000 th step done
stateFactor 0.07424310252181418
stateVar 0.07079777131854302
local 1.3208919026437187
force 30.474168112679994
865000 th step done
stateFactor 0.07419023112287573
stateVar 0.07077053702833744
local 1.3202809609846156
force -30.60459835761488
870000 th step done
stateFactor 0.07413886132784131
stateVar 0.07074406915983507
local 1.3211318561777992
force 30.477190371152677
875000 th step done
stateFactor 0.07408073948816607
stateVar 0.07071411395319337
local 1.3231635617773128
force 30.480477321697794
880000 th step done
stateFactor 0.07402063634928713
stateVar 0.07068312821795879
local 1.3234179487023956
force -30.611268756096198
885000 th step done
stateFactor 0.07396254087335478
stateVar 0.07065316842823477
local 1.3233629047999687
force -30.61271083267148
890000 th step done
stateFactor 0.07390924082073926
stateVar 0.07062567376386365
local 1.3238502450862517
force -30.613199917487957
895000 th step done
stateFactor 0.07385519842667645
stateVar 0.07059778846530355
local 1.3248254220861835
force 30.487312719663777
900000 th step done
stateFactor 0.07379728801142413
stateVar 0.07056789869289096
local 1.3255020061080396
force 30.489910222897425
905000 th step done
stateFactor 0.07374110779028323
stateVar 0.07053889341008121
local 1.3258592086660688
force 30.49161005052719
910000 th step done
stateFactor 0.07368413593543036
stateVar 0.07050947082479064
local 1.3269010829531909
force -30.619393343963118
915000 th step done
stateFactor 0.0736260106155699
stateVar 0.07047944361680357
local 1.3269582708550893
force -30.621142517644245
920000 th step done
stateFactor 0.07357400214061083
stateVar 0.07045256868338254
local 1.3264533526737696
force 30.4960200001168
925000 th step done
stateFactor 0.07352664261959885
stateVar 0.07042808976202142
local 1.327063276865144
force -30.62098881489314
930000 th step done
stateFactor 0.07348042604818326
stateVar 0.07040419581038349
local 1.3266406305099838
force 30.496616854597892
935000 th step done
stateFactor 0.07344103463966198
stateVar 0.07038382594497351
local 1.3262886582240556
force -30.620120113713945
940000 th step done
stateFactor 0.07340629767333917
stateVar 0.07036585950357468
local 1.3263134855738858
force -30.61907488392188
945000 th step done
stateFactor 0.07337436161776952
stateVar 0.0703493388726568
local 1.3265490176994341
force 30.494738352876983
950000 th step done
stateFactor 0.07333859980496521
stateVar 0.07033083591059586
local 1.3270071700696613
force 30.49608972156741
955000 th step done
stateFactor 0.07330725807101869
stateVar 0.07031461704382173
local 1.3265910157923728
force 30.49611450793318
960000 th step done
stateFactor 0.07328042857694543
stateVar 0.07030073109124904
local 1.3258573513221443
force -30.618528533180935
965000 th step done
stateFactor 0.07325385195951956
stateVar 0.070286974106512
local 1.3269586641086006
force 30.495851157673343
970000 th step done
stateFactor 0.0732216334046172
stateVar 0.07027029410485959
local 1.3284135424707844
force -30.620390112494327
975000 th step done
stateFactor 0.0731858840575915
stateVar 0.07025178288481558
local 1.3278081546986595
force 30.50008755670804
980000 th step done
stateFactor 0.07315538240823441
stateVar 0.07023598622544375
local 1.3280686063340639
force 30.500571600067374
985000 th step done
stateFactor 0.07312273629238991
stateVar 0.07021907617214576
local 1.329025675628369
force -30.623203840663802
990000 th step done
stateFactor 0.0730892839157675
stateVar 0.07020174550214299
local 1.3294578098946035
force -30.624267292184502
995000 th step done
stateFactor 0.07306023873667344
stateVar 0.07018669561269923
local 1.3288001264086657
force 30.503089686575315
stateFactor 0.07303433287960288
stateVar 0.07017327044970645
local 1.3290202143034093
force -30.62368291229859
|-----SIMULATION INITIATED-----|
Number of Cells in the 1st Compartment =  16
Number of Cells in the 2nd Compartment =  106
Number of Cells in the 1st Compartment =  31
Number of Cells in the 2nd Compartment =  106
Number of Cells in the 1st Compartment =  63
Number of Cells in the 2nd Compartment =  106
|-----Single Run Job Statistics-----|
|------ 120485.02635979652 secs ------|
|------ 2008.0837726632753 mins ------|
|------ 33.46806287772126 hrs ------|
|--------------------------------|
|-----Estimated Job Duration-----|
|------ 120486.02635979652 secs ------|
|------ 2008.100439329942 mins ------|
|------ 33.468340655499034 hrs ------|
|-----SIMULATION COMPLETED-----|
|------ 120485.02656698227 secs ------|
|------ 2008.0837763388952 mins ------|
|------ 33.4680629407035 hrs ------|
