Simulation is initiated
REMARK  Using OpenMM platform CUDA
|------ calibration initiated -----|
|----- simulation initiated -----|
|-----SIMULATION INITIATED-----|
Number of Cells in the 1st Compartment =  31
Number of Cells in the 2nd Compartment =  53
|-----Single Run Job Statistics-----|
|------ 1107.1979699134827 secs ------|
|------ 18.453299498558046 mins ------|
|------ 0.30755499164263406 hrs ------|
|--------------------------------|
|-----Estimated Job Duration-----|
|------ 1108.1979699134827 secs ------|
|------ 18.46996616522471 mins ------|
|------ 0.3078327694204119 hrs ------|
|-----SIMULATION COMPLETED-----|
|------ 1107.198182106018 secs ------|
|------ 18.453303150335948 mins ------|
|------ 0.3075550541612837 hrs ------|
