Simulation is initiated
REMARK  Using OpenMM platform CUDA
|------ calibration initiated -----|
|----- simulation initiated -----|
|-----SIMULATION INITIATED-----|
Number of Cells in the 1st Compartment =  31
Number of Cells in the 2nd Compartment =  53
|-----Single Run Job Statistics-----|
|------ 1107.1979699134827 secs ------|
|------ 18.453299498558046 mins ------|
|------ 0.30755499164263406 hrs ------|
|--------------------------------|
|-----Estimated Job Duration-----|
|------ 1108.1979699134827 secs ------|
|------ 18.46996616522471 mins ------|
|------ 0.3078327694204119 hrs ------|
|-----SIMULATION COMPLETED-----|
|------ 1107.198182106018 secs ------|
|------ 18.453303150335948 mins ------|
|------ 0.3075550541612837 hrs ------|
Simulation is initiated
REMARK  Using OpenMM platform CUDA
|------ calibration initiated -----|
|----- simulation initiated -----|
|-----SIMULATION INITIATED-----|
Number of Cells in the 1st Compartment =  31
Number of Cells in the 2nd Compartment =  53
|-----Single Run Job Statistics-----|
|------ 3116.101807832718 secs ------|
|------ 51.9350301305453 mins ------|
|------ 0.8655838355090884 hrs ------|
|--------------------------------|
|-----Estimated Job Duration-----|
|------ 3117.101807832718 secs ------|
|------ 51.951696797211966 mins ------|
|------ 0.8658616132868661 hrs ------|
|-----SIMULATION COMPLETED-----|
|------ 3116.101982116699 secs ------|
|------ 51.935033118724824 mins ------|
|------ 0.8655838863717185 hrs ------|
Terminated
|-----SIMULATION INITIATED-----|
Number of Cells in the 1st Compartment =  31
Number of Cells in the 2nd Compartment =  53
|-----Single Run Job Statistics-----|
|------ 15121.335780143738 secs ------|
|------ 252.02226300239562 mins ------|
|------ 4.200371050039927 hrs ------|
|--------------------------------|
|-----Estimated Job Duration-----|
|------ 15122.335780143738 secs ------|
|------ 252.0389296690623 mins ------|
|------ 4.200648827817705 hrs ------|
|-----SIMULATION COMPLETED-----|
|------ 15121.335992574692 secs ------|
|------ 252.02226664622626 mins ------|
|------ 4.200371112359894 hrs ------|
Simulation is initiated
REMARK  Using OpenMM platform CUDA
|------ calibration initiated -----|
|----- simulation initiated -----|
|-----SIMULATION INITIATED-----|
Number of Cells in the 1st Compartment =  31
Number of Cells in the 2nd Compartment =  53
|-----Single Run Job Statistics-----|
|------ 15896.500187158585 secs ------|
|------ 264.9416697859764 mins ------|
|------ 4.41569449643294 hrs ------|
|--------------------------------|
|-----Estimated Job Duration-----|
|------ 15897.500187158585 secs ------|
|------ 264.9583364526431 mins ------|
|------ 4.415972274210718 hrs ------|
|-----SIMULATION COMPLETED-----|
|------ 15896.500376701355 secs ------|
|------ 264.94167304436365 mins ------|
|------ 4.415694552130169 hrs ------|
Terminated
|-----SIMULATION INITIATED-----|
Number of Cells in the 1st Compartment =  31
Number of Cells in the 2nd Compartment =  53
|-----Single Run Job Statistics-----|
|------ 692.1593811511993 secs ------|
|------ 11.535989685853322 mins ------|
|------ 0.19226649476422203 hrs ------|
|--------------------------------|
|-----Estimated Job Duration-----|
|------ 693.1593811511993 secs ------|
|------ 11.552656352519989 mins ------|
|------ 0.19254427254199982 hrs ------|
|-----SIMULATION COMPLETED-----|
|------ 692.1595895290375 secs ------|
|------ 11.535993266105653 mins ------|
|------ 0.1922665560245514 hrs ------|
